\BOOKMARK [1][-]{section.1}{\376\377\000前\000提\000な\000ど}{}% 1
\BOOKMARK [2][-]{subsection.1.1}{\376\377\000は\000じ\000め\000に}{section.1}% 2
\BOOKMARK [2][-]{subsection.1.2}{\376\377\000ノ\000ー\000ト\000の\000方\000針}{section.1}% 3
\BOOKMARK [1][-]{section.2}{\376\377\000熱\000力\000学\000系\000に\000関\000す\000る\000公\000理}{}% 4
\BOOKMARK [2][-]{subsection.2.1}{\376\377\000平\000衡\000状\000態\000の\000記\000述}{section.2}% 5
\BOOKMARK [2][-]{subsection.2.2}{\376\377\000断\000熱\000系}{section.2}% 6
\BOOKMARK [1][-]{section.3}{\376\377\000等\000温\000操\000作}{}% 7
\BOOKMARK [2][-]{subsection.3.1}{\376\377\000等\000温\000操\000作}{section.3}% 8
\BOOKMARK [2][-]{subsection.3.2}{\376\377\000K\000e\000l\000v\000i\000n\000の\000原\000理}{section.3}% 9
\BOOKMARK [2][-]{subsection.3.3}{\376\377\000最\000大\000仕\000事}{section.3}% 10
\BOOKMARK [2][-]{subsection.3.4}{\376\377\000H\000e\000l\000m\000h\000o\000l\000t\000z\000自\000由\000エ\000ネ\000ル\000ギ\000ー}{section.3}% 11
\BOOKMARK [2][-]{subsection.3.5}{\376\377\000H\000e\000l\000m\000h\000o\000l\000t\000z\000自\000由\000エ\000ネ\000ル\000ギ\000ー\000と\000圧\000力}{section.3}% 12
\BOOKMARK [1][-]{section.4}{\376\377\000断\000熱\000操\000作\000と\000エ\000ネ\000ル\000ギ\000ー}{}% 13
\BOOKMARK [2][-]{subsection.4.1}{\376\377\000断\000熱\000操\000作}{section.4}% 14
\BOOKMARK [2][-]{subsection.4.2}{\376\377\000断\000熱\000操\000作\000に\000関\000す\000る\000要\000請}{section.4}% 15
\BOOKMARK [2][-]{subsection.4.3}{\376\377\000熱\000力\000学\000に\000お\000け\000る\000エ\000ネ\000ル\000ギ\000ー\000保\000存\000則\000と\000断\000熱\000仕\000事}{section.4}% 16
\BOOKMARK [2][-]{subsection.4.4}{\376\377\000断\000熱\000仕\000事\000と\000内\000部\000エ\000ネ\000ル\000ギ\000ー}{section.4}% 17
\BOOKMARK [1][-]{section.5}{\376\377\000熱\000と\000C\000a\000r\000n\000o\000t\000の\000定\000理}{}% 18
\BOOKMARK [2][-]{subsection.5.1}{\376\377\000熱}{section.5}% 19
\BOOKMARK [2][-]{subsection.5.2}{\376\377\000C\000a\000r\000n\000o\000t\000の\000定\000理}{section.5}% 20
\BOOKMARK [1][-]{section.6}{\376\377\000エ\000ン\000ト\000ロ\000ピ\000ー}{}% 21
\BOOKMARK [2][-]{subsection.6.1}{\376\377\000エ\000ン\000ト\000ロ\000ピ\000ー\000の\000導\000入}{section.6}% 22
\BOOKMARK [2][-]{subsection.6.2}{\376\377\000エ\000ン\000ト\000ロ\000ピ\000ー\000と\000可\000逆\000性}{section.6}% 23
\BOOKMARK [1][-]{section.7}{\376\377\000ヘ\000ル\000ム\000ホ\000ル\000ツ\000自\000由\000エ\000ネ\000ル\000ギ\000ー\000の\000変\000分\000原\000理\000と\000凸\000性}{}% 24
\BOOKMARK [2][-]{subsection.7.1}{\376\377\000ヘ\000ル\000ム\000ホ\000ル\000ツ\000自\000由\000エ\000ネ\000ル\000ギ\000ー\000の\000変\000分\000原\000理}{section.7}% 25
\BOOKMARK [1][-]{section.8}{\376\377\000ル\000ジ\000ャ\000ン\000ド\000ル\000変\000換}{}% 26
\BOOKMARK [1][-]{section.9}{\376\377\000付\000録}{}% 27
\BOOKMARK [2][-]{subsection.9.1}{\376\377\000要\000請\000の\000ま\000と\000め}{section.9}% 28
