\BOOKMARK [0][-]{part.1}{\376\377\000第\000I\000部\000\040\000数\000学}{}% 1
\BOOKMARK [1][-]{section.1}{\376\377\000位\000相\000空\000間}{part.1}% 2
\BOOKMARK [1][-]{section.2}{\376\377\000線\000形\000代\000数}{part.1}% 3
\BOOKMARK [2][-]{subsection.2.1}{\376\377\000行\000列\000の\000積}{section.2}% 4
\BOOKMARK [2][-]{subsection.2.2}{\376\377\000行\000列\000式}{section.2}% 5
\BOOKMARK [2][-]{subsection.2.3}{\376\377\000ベ\000ク\000ト\000ル\000空\000間}{section.2}% 6
\BOOKMARK [2][-]{subsection.2.4}{\376\377\000そ\000の\000他}{section.2}% 7
\BOOKMARK [1][-]{section.3}{\376\377\000微\000分\000積\000分\000学}{part.1}% 8
\BOOKMARK [1][-]{section.4}{\376\377\000確\000率\000統\000計}{part.1}% 9
\BOOKMARK [1][-]{section.5}{\376\377\000幾\000何\000学}{part.1}% 10
\BOOKMARK [1][-]{section.6}{\376\377\000ラ\000プ\000ラ\000ス\000変\000換}{part.1}% 11
\BOOKMARK [1][-]{section.7}{\376\377\000そ\000の\000他}{part.1}% 12
\BOOKMARK [2][-]{subsection.7.1}{\376\377\000計\000算\000の\000類}{section.7}% 13
\BOOKMARK [0][-]{part.2}{\376\377\000第\000I\000I\000部\000\040\000物\000理}{}% 14
\BOOKMARK [1][-]{section.8}{\376\377\000古\000典\000力\000学}{part.2}% 15
\BOOKMARK [1][-]{section.9}{\376\377\000電\000磁\000気\000学}{part.2}% 16
\BOOKMARK [1][-]{section.10}{\376\377\000熱\000力\000学}{part.2}% 17
\BOOKMARK [2][-]{subsection.10.1}{\376\377\000そ\000の\000他}{section.10}% 18
\BOOKMARK [1][-]{section.11}{\376\377\000統\000計\000力\000学}{part.2}% 19
\BOOKMARK [2][-]{subsection.11.1}{\376\377\000状\000態\000数}{section.11}% 20
\BOOKMARK [2][-]{subsection.11.2}{\376\377\000典\000型\000性}{section.11}% 21
\BOOKMARK [2][-]{subsection.11.3}{\376\377\000ミ\000ク\000ロ\000カ\000ノ\000ニ\000カ\000ル\000分\000布}{section.11}% 22
\BOOKMARK [2][-]{subsection.11.4}{\376\377\000カ\000ノ\000ニ\000カ\000ル\000分\000布}{section.11}% 23
\BOOKMARK [2][-]{subsection.11.5}{\376\377\000グ\000ラ\000ン\000ド\000カ\000ノ\000ニ\000カ\000ル\000分\000布}{section.11}% 24
\BOOKMARK [2][-]{subsection.11.6}{\376\377\000モ\000デ\000ル\000の\000等\000価\000性}{section.11}% 25
\BOOKMARK [2][-]{subsection.11.7}{\376\377\000量\000子\000統\000計}{section.11}% 26
\BOOKMARK [2][-]{subsection.11.8}{\376\377\000そ\000の\000他}{section.11}% 27
\BOOKMARK [2][-]{subsection.11.9}{\376\377\000母\000関\000数\000と\000の\000対\000応}{section.11}% 28
\BOOKMARK [2][-]{subsection.11.10}{\376\377\000分\000布\000の\000他\000の\000導\000出\000方\000法}{section.11}% 29
\BOOKMARK [2][-]{subsection.11.11}{\376\377\000典\000型\000性\000に\000関\000す\000る\000追\000記}{section.11}% 30
\BOOKMARK [1][-]{section.12}{\376\377\000非\000平\000衡\000統\000計\000力\000学}{part.2}% 31
\BOOKMARK [2][-]{subsection.12.1}{\376\377\000必\000要\000な\000数\000学}{section.12}% 32
\BOOKMARK [2][-]{subsection.12.2}{\376\377\000熱\000力\000学\000量\000の\000定\000義}{section.12}% 33
\BOOKMARK [2][-]{subsection.12.3}{\376\377\000ゆ\000ら\000ぎ\000の\000定\000理}{section.12}% 34
\BOOKMARK [2][-]{subsection.12.4}{\376\377\000N\000E\000S\000S}{section.12}% 35
\BOOKMARK [1][-]{section.13}{\376\377\000量\000子\000力\000学}{part.2}% 36
\BOOKMARK [1][-]{section.14}{\376\377\000相\000対\000論}{part.2}% 37
\BOOKMARK [1][-]{section.15}{\376\377\000場\000の\000量\000子\000論}{part.2}% 38
\BOOKMARK [1][-]{section.16}{\376\377\000そ\000の\000他}{part.2}% 39
