\BOOKMARK [1][-]{section.1}{\376\377\000は\000じ\000め\000に}{}% 1
\BOOKMARK [2][-]{subsection.1.1}{\376\377\000モ\000チ\000ベ\000ー\000シ\000ョ\000ン}{section.1}% 2
\BOOKMARK [2][-]{subsection.1.2}{\376\377\000記\000号}{section.1}% 3
\BOOKMARK [1][-]{section.2}{\376\377\000必\000要\000な\000数\000学}{}% 4
\BOOKMARK [2][-]{subsection.2.1}{\376\377\000確\000率\000微\000分\000方\000程\000式}{section.2}% 5
\BOOKMARK [2][-]{subsection.2.2}{\376\377\000経\000路\000積\000分}{section.2}% 6
\BOOKMARK [1][-]{section.3}{\376\377\000熱\000力\000学\000量\000の\000定\000義}{}% 7
\BOOKMARK [2][-]{subsection.3.1}{\376\377\000エ\000ネ\000ル\000ギ\000ー\000、\000熱\000、\000仕\000事}{section.3}% 8
\BOOKMARK [2][-]{subsection.3.2}{\376\377\000詳\000細\000つ\000り\000合\000い\000条\000件}{section.3}% 9
\BOOKMARK [1][-]{section.4}{\376\377\000ゆ\000ら\000ぎ\000の\000定\000理}{}% 10
\BOOKMARK [2][-]{subsection.4.1}{\376\377\000D\000F\000T}{section.4}% 11
\BOOKMARK [2][-]{subsection.4.2}{\376\377\000I\000F\000T}{section.4}% 12
\BOOKMARK [1][-]{section.5}{\376\377\000N\000E\000S\000S}{}% 13
\BOOKMARK [2][-]{subsection.5.1}{\376\377\000揺\000動\000散\000逸\000定\000理}{section.5}% 14
\BOOKMARK [2][-]{subsection.5.2}{\376\377\000パ\000ワ\000ー\000と\000効\000率\000の\000ト\000レ\000ー\000ド\000オ\000フ}{section.5}% 15
\BOOKMARK [2][-]{subsection.5.3}{\376\377\000熱\000力\000学\000的\000不\000確\000定\000性\000関\000係}{section.5}% 16
\BOOKMARK [1][-]{section.6}{\376\377\000そ\000の\000他}{}% 17
\BOOKMARK [2][-]{subsection.6.1}{\376\377\000平\000衡\000状\000態\000へ\000の\000緩\000和}{section.6}% 18
\BOOKMARK [1][-]{section.7}{\376\377\000L\000a\000n\000g\000e\000v\000i\000n\000系}{}% 19
\BOOKMARK [2][-]{subsection.7.1}{\376\377\000W\000i\000e\000n\000e\000r\000過\000程}{section.7}% 20
